<?xml version="1.0" encoding="UTF-8"?>
<!-- Generated by org.testng.reporters.JUnitXMLReporter -->
<testsuite hostname="DESKTOP-QLULGTR" ignored="1" name="Test" tests="3" failures="0" timestamp="08 Sep 2020 06:10:03 GMT" time="0.199" errors="0">
  <testcase name="@BeforeClass setup" time="0.0" classname="com.automation.pages.BaseClass">
    <failure type="java.lang.NullPointerException">
      <![CDATA[java.lang.NullPointerException
	at com.automation.pages.BaseClass.setup(BaseClass.java:40)
... Removed 25 stack frames]]>
    </failure>
  </testcase> <!-- @BeforeClass setup -->
  <testcase name="@AfterMethod teardownmethod" time="0.0" classname="com.automation.pages.BaseClass">
    <skipped/>
  </testcase> <!-- @AfterMethod teardownmethod -->
  <testcase name="@AfterClass teardown" time="0.0" classname="com.automation.pages.BaseClass">
    <skipped/>
  </testcase> <!-- @AfterClass teardown -->
  <testcase name="@BeforeClass setup" time="0.0" classname="com.automation.pages.BaseClass">
    <skipped/>
  </testcase> <!-- @BeforeClass setup -->
  <testcase name="@AfterMethod teardownmethod" time="0.0" classname="com.automation.pages.BaseClass">
    <skipped/>
  </testcase> <!-- @AfterMethod teardownmethod -->
  <testcase name="@AfterMethod teardownmethod" time="0.0" classname="com.automation.pages.BaseClass">
    <skipped/>
  </testcase> <!-- @AfterMethod teardownmethod -->
  <testcase name="@AfterClass teardown" time="0.0" classname="com.automation.pages.BaseClass">
    <skipped/>
  </testcase> <!-- @AfterClass teardown -->
  <testcase name="addingUser" time="0.004" classname="com.automation.testcases.CreateUser">
    <skipped/>
  </testcase> <!-- addingUser -->
  <testcase name="addingUser" time="0.014" classname="com.automation.testcases.LoginTestCRM">
    <skipped/>
  </testcase> <!-- addingUser -->
  <testcase name="loginApplication" time="0.015" classname="com.automation.testcases.LoginTestCRM">
    <skipped/>
  </testcase> <!-- loginApplication -->
  <testcase name="@BeforeSuite setUpSuite" time="0.0" classname="com.automation.pages.BaseClass">
    <ignored/>
  </testcase> <!-- @BeforeSuite setUpSuite -->
</testsuite> <!-- Test -->
